<?xml version="1.0" encoding="UTF-8"?>
<!-- Generated by org.testng.reporters.JUnitReportReporter -->
<testsuite hostname="USRIRILP00734" name="TestEasyMultipleWindow" tests="1" failures="0" timestamp="6 Feb 2016 21:56:25 GMT" time="209.747" errors="0">
  <testcase name="sendIgreet" time="209.747" classname="TestEasyMultipleWindow"/>
</testsuite> <!-- TestEasyMultipleWindow -->
